<?xml version="1.0" encoding="UTF-8"?>
<testng-results ignored="0" total="1" passed="1" failed="0" skipped="0">
  <reporter-output>
  </reporter-output>
  <suite started-at="2026-01-18T09:55:01 IST" name="Surefire suite" finished-at="2026-01-18T09:55:04 IST" duration-ms="3909">
    <groups>
    </groups>
    <test started-at="2026-01-18T09:55:01 IST" name="Surefire test" finished-at="2026-01-18T09:55:04 IST" duration-ms="3909">
      <class name="com.example.SampleTest">
        <test-method signature="checkTitle()[pri:0, instance:com.example.SampleTest@46238e3f]" started-at="2026-01-18T09:55:01 IST" name="checkTitle" finished-at="2026-01-18T09:55:04 IST" duration-ms="3890" status="PASS">
          <reporter-output>
          </reporter-output>
        </test-method> <!-- checkTitle -->
      </class> <!-- com.example.SampleTest -->
    </test> <!-- Surefire test -->
  </suite> <!-- Surefire suite -->
</testng-results>
